{"C:\\workspace\\nwl-return-rocketseat\\server\\src\\use-cases\\submit-feedback-use-case.ts": {"path":"C:\\workspace\\nwl-return-rocketseat\\server\\src\\use-cases\\submit-feedback-use-case.ts","all":false,"statementMap":{"0":{"start":{"line":1,"column":0},"end":{"line":1,"column":0}},"1":{"start":{"line":2,"column":0},"end":{"line":2,"column":55}},"2":{"start":{"line":3,"column":0},"end":{"line":3,"column":74}},"3":{"start":{"line":4,"column":0},"end":{"line":4,"column":0}},"4":{"start":{"line":5,"column":0},"end":{"line":5,"column":40}},"5":{"start":{"line":6,"column":0},"end":{"line":6,"column":17}},"6":{"start":{"line":7,"column":0},"end":{"line":7,"column":20}},"7":{"start":{"line":8,"column":0},"end":{"line":8,"column":24}},"8":{"start":{"line":9,"column":0},"end":{"line":9,"column":1}},"9":{"start":{"line":10,"column":0},"end":{"line":10,"column":0}},"10":{"start":{"line":11,"column":0},"end":{"line":11,"column":0}},"11":{"start":{"line":12,"column":0},"end":{"line":12,"column":35}},"12":{"start":{"line":13,"column":0},"end":{"line":13,"column":0}},"13":{"start":{"line":14,"column":0},"end":{"line":14,"column":3}},"14":{"start":{"line":15,"column":0},"end":{"line":15,"column":16}},"15":{"start":{"line":16,"column":0},"end":{"line":16,"column":55}},"16":{"start":{"line":17,"column":0},"end":{"line":17,"column":40}},"17":{"start":{"line":18,"column":0},"end":{"line":18,"column":12}},"18":{"start":{"line":19,"column":0},"end":{"line":19,"column":57}},"19":{"start":{"line":20,"column":0},"end":{"line":20,"column":50}},"20":{"start":{"line":21,"column":0},"end":{"line":21,"column":0}},"21":{"start":{"line":22,"column":0},"end":{"line":22,"column":0}},"22":{"start":{"line":23,"column":0},"end":{"line":23,"column":19}},"23":{"start":{"line":24,"column":0},"end":{"line":24,"column":48}},"24":{"start":{"line":25,"column":0},"end":{"line":25,"column":9}},"25":{"start":{"line":26,"column":0},"end":{"line":26,"column":22}},"26":{"start":{"line":27,"column":0},"end":{"line":27,"column":51}},"27":{"start":{"line":28,"column":0},"end":{"line":28,"column":9}},"28":{"start":{"line":29,"column":0},"end":{"line":29,"column":8}},"29":{"start":{"line":30,"column":0},"end":{"line":30,"column":74}},"30":{"start":{"line":31,"column":0},"end":{"line":31,"column":57}},"31":{"start":{"line":32,"column":0},"end":{"line":32,"column":9}},"32":{"start":{"line":33,"column":0},"end":{"line":33,"column":0}},"33":{"start":{"line":34,"column":0},"end":{"line":34,"column":47}},"34":{"start":{"line":35,"column":0},"end":{"line":35,"column":17}},"35":{"start":{"line":36,"column":0},"end":{"line":36,"column":20}},"36":{"start":{"line":37,"column":0},"end":{"line":37,"column":23}},"37":{"start":{"line":38,"column":0},"end":{"line":38,"column":10}},"38":{"start":{"line":39,"column":0},"end":{"line":39,"column":0}},"39":{"start":{"line":40,"column":0},"end":{"line":40,"column":7}},"40":{"start":{"line":41,"column":0},"end":{"line":41,"column":5}},"41":{"start":{"line":42,"column":0},"end":{"line":42,"column":1}}},"s":{"0":1,"1":1,"2":1,"3":1,"4":1,"5":1,"6":1,"7":1,"8":1,"9":1,"10":1,"11":1,"12":1,"13":1,"14":1,"15":1,"16":1,"17":1,"18":1,"19":4,"20":4,"21":4,"22":4,"23":1,"24":1,"25":4,"26":1,"27":1,"28":2,"29":4,"30":1,"31":1,"32":1,"33":1,"34":1,"35":1,"36":1,"37":1,"38":1,"39":1,"40":1,"41":1},"branchMap":{"0":{"type":"branch","line":15,"loc":{"start":{"line":15,"column":4},"end":{"line":18,"column":12}},"locations":[{"start":{"line":15,"column":4},"end":{"line":18,"column":12}}]},"1":{"type":"branch","line":19,"loc":{"start":{"line":19,"column":4},"end":{"line":41,"column":5}},"locations":[{"start":{"line":19,"column":4},"end":{"line":41,"column":5}}]},"2":{"type":"branch","line":23,"loc":{"start":{"line":23,"column":18},"end":{"line":25,"column":9}},"locations":[{"start":{"line":23,"column":18},"end":{"line":25,"column":9}}]},"3":{"type":"branch","line":26,"loc":{"start":{"line":26,"column":-2},"end":{"line":26,"column":21}},"locations":[{"start":{"line":26,"column":-2},"end":{"line":26,"column":21}}]},"4":{"type":"branch","line":26,"loc":{"start":{"line":26,"column":21},"end":{"line":28,"column":9}},"locations":[{"start":{"line":26,"column":21},"end":{"line":28,"column":9}}]},"5":{"type":"branch","line":29,"loc":{"start":{"line":29,"column":-2},"end":{"line":30,"column":72}},"locations":[{"start":{"line":29,"column":-2},"end":{"line":30,"column":72}}]},"6":{"type":"branch","line":30,"loc":{"start":{"line":30,"column":73},"end":{"line":41,"column":5}},"locations":[{"start":{"line":30,"column":73},"end":{"line":41,"column":5}}]}},"b":{"0":[1],"1":[4],"2":[1],"3":[3],"4":[1],"5":[2],"6":[1]},"fnMap":{"0":{"name":"SubmitFeedbackUseCase","decl":{"start":{"line":15,"column":4},"end":{"line":18,"column":12}},"loc":{"start":{"line":15,"column":4},"end":{"line":18,"column":12}},"line":15},"1":{"name":"execute","decl":{"start":{"line":19,"column":4},"end":{"line":41,"column":5}},"loc":{"start":{"line":19,"column":4},"end":{"line":41,"column":5}},"line":19}},"f":{"0":1,"1":4}}
}
